#! /usr/bin/vvp
:ivl_version "10.1 (stable)";
:ivl_delay_selection "TYPICAL";
:vpi_time_precision - 10;
:vpi_module "system";
:vpi_module "vhdl_sys";
:vpi_module "v2005_math";
:vpi_module "va_math";
S_0x557a6945c320 .scope module, "tb2" "tb2" 2 3;
 .timescale -9 -10;
P_0x557a69456f40 .param/l "SIZE" 0 2 15, C4<01>;
L_0x557a6947d870 .functor BUFZ 32, L_0x557a6947d650, C4<00000000000000000000000000000000>, C4<00000000000000000000000000000000>, C4<00000000000000000000000000000000>;
L_0x557a6947dbe0 .functor BUFZ 32, L_0x557a6947d980, C4<00000000000000000000000000000000>, C4<00000000000000000000000000000000>, C4<00000000000000000000000000000000>;
L_0x557a6947df10 .functor BUFZ 32, L_0x557a6947dcf0, C4<00000000000000000000000000000000>, C4<00000000000000000000000000000000>, C4<00000000000000000000000000000000>;
v0x557a6947c660_0 .net "A", 31 0, L_0x557a6947d870;  1 drivers
v0x557a6947c740_0 .var "ALUop", 3 0;
v0x557a6947c7e0_0 .net "B", 31 0, L_0x557a6947dbe0;  1 drivers
v0x557a6947c8e0_0 .net *"_s0", 31 0, L_0x557a6947d650;  1 drivers
v0x557a6947c980_0 .net *"_s10", 2 0, L_0x557a6947da20;  1 drivers
L_0x7f69cd00e060 .functor BUFT 1, C4<0>, C4<0>, C4<0>, C4<0>;
v0x557a6947cab0_0 .net *"_s13", 0 0, L_0x7f69cd00e060;  1 drivers
v0x557a6947cb90_0 .net *"_s16", 31 0, L_0x557a6947dcf0;  1 drivers
v0x557a6947cc70_0 .net *"_s18", 2 0, L_0x557a6947dd90;  1 drivers
v0x557a6947cd50_0 .net *"_s2", 2 0, L_0x557a6947d750;  1 drivers
L_0x7f69cd00e0a8 .functor BUFT 1, C4<0>, C4<0>, C4<0>, C4<0>;
v0x557a6947ce30_0 .net *"_s21", 0 0, L_0x7f69cd00e0a8;  1 drivers
L_0x7f69cd00e018 .functor BUFT 1, C4<0>, C4<0>, C4<0>, C4<0>;
v0x557a6947cf10_0 .net *"_s5", 0 0, L_0x7f69cd00e018;  1 drivers
v0x557a6947cff0_0 .net *"_s8", 31 0, L_0x557a6947d980;  1 drivers
v0x557a6947d0d0 .array "a_array", 0 1, 31 0;
v0x557a6947d190 .array "b_array", 0 1, 31 0;
v0x557a6947d250_0 .var "clk", 0 0;
v0x557a6947d310_0 .var "index", 0 1;
v0x557a6947d3f0_0 .net "out_correct", 31 0, L_0x557a6947df10;  1 drivers
v0x557a6947d4d0 .array "out_correct_array", 0 1, 31 0;
v0x557a6947d590_0 .net "out_test", 31 0, v0x557a6947c500_0;  1 drivers
E_0x557a69418aa0 .event negedge, v0x557a6947d250_0;
E_0x557a6944d940 .event posedge, v0x557a6947d250_0;
L_0x557a6947d650 .array/port v0x557a6947d0d0, L_0x557a6947d750;
L_0x557a6947d750 .concat [ 2 1 0 0], v0x557a6947d310_0, L_0x7f69cd00e018;
L_0x557a6947d980 .array/port v0x557a6947d190, L_0x557a6947da20;
L_0x557a6947da20 .concat [ 2 1 0 0], v0x557a6947d310_0, L_0x7f69cd00e060;
L_0x557a6947dcf0 .array/port v0x557a6947d4d0, L_0x557a6947dd90;
L_0x557a6947dd90 .concat [ 2 1 0 0], v0x557a6947d310_0, L_0x7f69cd00e0a8;
S_0x557a6945c4a0 .scope module, "dut" "ALU" 2 11, 3 17 0, S_0x557a6945c320;
 .timescale -9 -10;
    .port_info 0 /INPUT 32 "A"
    .port_info 1 /INPUT 32 "B"
    .port_info 2 /INPUT 4 "ALUop"
    .port_info 3 /OUTPUT 32 "out"
v0x557a69459eb0_0 .net "A", 31 0, L_0x557a6947d870;  alias, 1 drivers
v0x557a6947c360_0 .net "ALUop", 3 0, v0x557a6947c740_0;  1 drivers
v0x557a6947c440_0 .net "B", 31 0, L_0x557a6947dbe0;  alias, 1 drivers
v0x557a6947c500_0 .var "out", 31 0;
E_0x557a69418d30 .event edge, v0x557a6947c360_0, v0x557a69459eb0_0, v0x557a6947c440_0;
    .scope S_0x557a6945c4a0;
T_0 ;
    %wait E_0x557a69418d30;
    %load/vec4 v0x557a6947c360_0;
    %dup/vec4;
    %pushi/vec4 0, 0, 4;
    %cmp/u;
    %jmp/1 T_0.0, 6;
    %pushi/vec4 0, 0, 32;
    %store/vec4 v0x557a6947c500_0, 0, 32;
    %jmp T_0.2;
T_0.0 ;
    %load/vec4 v0x557a69459eb0_0;
    %load/vec4 v0x557a6947c440_0;
    %add;
    %store/vec4 v0x557a6947c500_0, 0, 32;
    %jmp T_0.2;
T_0.2 ;
    %pop/vec4 1;
    %jmp T_0;
    .thread T_0, $push;
    .scope S_0x557a6945c320;
T_1 ;
    %pushi/vec4 0, 0, 2;
    %store/vec4 v0x557a6947d310_0, 0, 2;
    %end;
    .thread T_1;
    .scope S_0x557a6945c320;
T_2 ;
    %vpi_call 2 25 "$readmemb", "ref.txt", v0x557a6947d4d0 {0 0 0};
    %vpi_call 2 26 "$readmemb", "A.txt", v0x557a6947d0d0 {0 0 0};
    %vpi_call 2 27 "$readmemb", "B.txt", v0x557a6947d190 {0 0 0};
    %end;
    .thread T_2;
    .scope S_0x557a6945c320;
T_3 ;
    %pushi/vec4 0, 0, 1;
    %store/vec4 v0x557a6947d250_0, 0, 1;
    %end;
    .thread T_3;
    .scope S_0x557a6945c320;
T_4 ;
    %delay 10, 0;
    %load/vec4 v0x557a6947d250_0;
    %nor/r;
    %assign/vec4 v0x557a6947d250_0, 0;
    %jmp T_4;
    .thread T_4;
    .scope S_0x557a6945c320;
T_5 ;
    %wait E_0x557a6944d940;
    %pushi/vec4 0, 0, 4;
    %assign/vec4 v0x557a6947c740_0, 0;
    %pushi/vec4 2, 0, 32;
T_5.0 %dup/vec4;
    %pushi/vec4 0, 0, 32;
    %cmp/u;
    %jmp/1 T_5.1, 4;
    %pushi/vec4 1, 0, 32;
    %sub;
    %wait E_0x557a6944d940;
    %jmp T_5.0;
T_5.1 ;
    %pop/vec4 1;
    %vpi_call 2 49 "$finish" {0 0 0};
    %end;
    .thread T_5;
    .scope S_0x557a6945c320;
T_6 ;
    %wait E_0x557a69418aa0;
    %vpi_call 2 53 "$display", $time, ": Out should be %d, got %d", v0x557a6947d3f0_0, v0x557a6947d590_0 {0 0 0};
    %load/vec4 v0x557a6947d310_0;
    %addi 1, 0, 2;
    %assign/vec4 v0x557a6947d310_0, 0;
    %jmp T_6;
    .thread T_6;
# The file index is used to find the file name in the following table.
:file_names 4;
    "N/A";
    "<interactive>";
    "tb.v";
    "alu.v";
