#! /usr/bin/vvp
:ivl_version "10.1 (stable)";
:ivl_delay_selection "TYPICAL";
:vpi_time_precision - 10;
:vpi_module "system";
:vpi_module "vhdl_sys";
:vpi_module "v2005_math";
:vpi_module "va_math";
S_0x55c553c6cac0 .scope module, "tb2" "tb2" 2 3;
 .timescale -9 -10;
P_0x55c553c65230 .param/l "SIZE" 0 2 15, C4<0101>;
L_0x55c553c8dbd0 .functor BUFZ 32, L_0x55c553c8db00, C4<00000000000000000000000000000000>, C4<00000000000000000000000000000000>, C4<00000000000000000000000000000000>;
L_0x55c553c8dd80 .functor BUFZ 32, L_0x55c553c8dc90, C4<00000000000000000000000000000000>, C4<00000000000000000000000000000000>, C4<00000000000000000000000000000000>;
L_0x55c553c8dee0 .functor BUFZ 32, L_0x55c553c8de40, C4<00000000000000000000000000000000>, C4<00000000000000000000000000000000>, C4<00000000000000000000000000000000>;
v0x55c553c8cf30_0 .net "A", 31 0, L_0x55c553c8dbd0;  1 drivers
v0x55c553c8d010_0 .var "ALUop", 3 0;
v0x55c553c8d0b0_0 .net "B", 31 0, L_0x55c553c8dd80;  1 drivers
v0x55c553c8d150_0 .net *"_s0", 31 0, L_0x55c553c8db00;  1 drivers
v0x55c553c8d1f0_0 .net *"_s4", 31 0, L_0x55c553c8dc90;  1 drivers
v0x55c553c8d320_0 .net *"_s8", 31 0, L_0x55c553c8de40;  1 drivers
v0x55c553c8d400 .array "a_array", 0 5, 31 0;
v0x55c553c8d4c0 .array "b_array", 0 5, 31 0;
v0x55c553c8d580_0 .var "clk", 0 0;
v0x55c553c8d640_0 .var "index", 0 5;
v0x55c553c8d720_0 .net "out_correct", 31 0, L_0x55c553c8dee0;  1 drivers
v0x55c553c8d800 .array "out_correct_array", 0 5, 31 0;
v0x55c553c8d8c0_0 .net "out_test", 31 0, v0x55c553c8cdd0_0;  1 drivers
E_0x55c553c5a080 .event negedge, v0x55c553c8d580_0;
E_0x55c553c24db0 .event posedge, v0x55c553c8d580_0;
L_0x55c553c8db00 .array/port v0x55c553c8d400, v0x55c553c8d640_0;
L_0x55c553c8dc90 .array/port v0x55c553c8d4c0, v0x55c553c8d640_0;
L_0x55c553c8de40 .array/port v0x55c553c8d800, v0x55c553c8d640_0;
S_0x55c553c6cc90 .scope module, "dut" "ALU" 2 11, 3 19 0, S_0x55c553c6cac0;
 .timescale -9 -10;
    .port_info 0 /INPUT 32 "A"
    .port_info 1 /INPUT 32 "B"
    .port_info 2 /INPUT 4 "ALUop"
    .port_info 3 /OUTPUT 32 "out"
L_0x55c553c8d980 .functor BUFZ 32, L_0x55c553c8dbd0, C4<00000000000000000000000000000000>, C4<00000000000000000000000000000000>, C4<00000000000000000000000000000000>;
L_0x55c553c8da20 .functor BUFZ 32, L_0x55c553c8dd80, C4<00000000000000000000000000000000>, C4<00000000000000000000000000000000>, C4<00000000000000000000000000000000>;
v0x55c553c6a650_0 .net "A", 31 0, L_0x55c553c8dbd0;  alias, 1 drivers
v0x55c553c8ca20_0 .net "ALUop", 3 0, v0x55c553c8d010_0;  1 drivers
v0x55c553c8cb00_0 .net/s "A_signed", 31 0, L_0x55c553c8d980;  1 drivers
v0x55c553c8cbc0_0 .net "B", 31 0, L_0x55c553c8dd80;  alias, 1 drivers
v0x55c553c8cca0_0 .net/s "B_signed", 31 0, L_0x55c553c8da20;  1 drivers
v0x55c553c8cdd0_0 .var "out", 31 0;
E_0x55c553c5a1d0/0 .event edge, v0x55c553c8ca20_0, v0x55c553c6a650_0, v0x55c553c8cbc0_0, v0x55c553c8cb00_0;
E_0x55c553c5a1d0/1 .event edge, v0x55c553c8cca0_0, v0x55c553c8cdd0_0;
E_0x55c553c5a1d0 .event/or E_0x55c553c5a1d0/0, E_0x55c553c5a1d0/1;
    .scope S_0x55c553c6cc90;
T_0 ;
    %wait E_0x55c553c5a1d0;
    %load/vec4 v0x55c553c8ca20_0;
    %dup/vec4;
    %pushi/vec4 0, 0, 4;
    %cmp/u;
    %jmp/1 T_0.0, 6;
    %dup/vec4;
    %pushi/vec4 1, 0, 4;
    %cmp/u;
    %jmp/1 T_0.1, 6;
    %dup/vec4;
    %pushi/vec4 2, 0, 4;
    %cmp/u;
    %jmp/1 T_0.2, 6;
    %dup/vec4;
    %pushi/vec4 3, 0, 4;
    %cmp/u;
    %jmp/1 T_0.3, 6;
    %dup/vec4;
    %pushi/vec4 4, 0, 4;
    %cmp/u;
    %jmp/1 T_0.4, 6;
    %dup/vec4;
    %pushi/vec4 5, 0, 4;
    %cmp/u;
    %jmp/1 T_0.5, 6;
    %dup/vec4;
    %pushi/vec4 6, 0, 4;
    %cmp/u;
    %jmp/1 T_0.6, 6;
    %dup/vec4;
    %pushi/vec4 7, 0, 4;
    %cmp/u;
    %jmp/1 T_0.7, 6;
    %dup/vec4;
    %pushi/vec4 8, 0, 4;
    %cmp/u;
    %jmp/1 T_0.8, 6;
    %dup/vec4;
    %pushi/vec4 9, 0, 4;
    %cmp/u;
    %jmp/1 T_0.9, 6;
    %dup/vec4;
    %pushi/vec4 10, 0, 4;
    %cmp/u;
    %jmp/1 T_0.10, 6;
    %dup/vec4;
    %pushi/vec4 15, 0, 4;
    %cmp/u;
    %jmp/1 T_0.11, 6;
    %load/vec4 v0x55c553c8cdd0_0;
    %store/vec4 v0x55c553c8cdd0_0, 0, 32;
    %jmp T_0.13;
T_0.0 ;
    %load/vec4 v0x55c553c6a650_0;
    %load/vec4 v0x55c553c8cbc0_0;
    %add;
    %assign/vec4 v0x55c553c8cdd0_0, 0;
    %jmp T_0.13;
T_0.1 ;
    %load/vec4 v0x55c553c6a650_0;
    %load/vec4 v0x55c553c8cbc0_0;
    %sub;
    %assign/vec4 v0x55c553c8cdd0_0, 0;
    %jmp T_0.13;
T_0.2 ;
    %load/vec4 v0x55c553c6a650_0;
    %load/vec4 v0x55c553c8cbc0_0;
    %and;
    %assign/vec4 v0x55c553c8cdd0_0, 0;
    %jmp T_0.13;
T_0.3 ;
    %load/vec4 v0x55c553c6a650_0;
    %load/vec4 v0x55c553c8cbc0_0;
    %or;
    %store/vec4 v0x55c553c8cdd0_0, 0, 32;
    %jmp T_0.13;
T_0.4 ;
    %load/vec4 v0x55c553c6a650_0;
    %load/vec4 v0x55c553c8cbc0_0;
    %xor;
    %store/vec4 v0x55c553c8cdd0_0, 0, 32;
    %jmp T_0.13;
T_0.5 ;
    %load/vec4 v0x55c553c8cb00_0;
    %load/vec4 v0x55c553c8cca0_0;
    %cmp/s;
    %flag_mov 8, 5;
    %jmp/0 T_0.14, 8;
    %pushi/vec4 1, 0, 32;
    %jmp/1 T_0.15, 8;
T_0.14 ; End of true expr.
    %pushi/vec4 0, 0, 32;
    %jmp/0 T_0.15, 8;
 ; End of false expr.
    %blend;
T_0.15;
    %store/vec4 v0x55c553c8cdd0_0, 0, 32;
    %jmp T_0.13;
T_0.6 ;
    %load/vec4 v0x55c553c6a650_0;
    %load/vec4 v0x55c553c8cbc0_0;
    %cmp/u;
    %flag_mov 8, 5;
    %jmp/0 T_0.16, 8;
    %pushi/vec4 1, 0, 32;
    %jmp/1 T_0.17, 8;
T_0.16 ; End of true expr.
    %pushi/vec4 0, 0, 32;
    %jmp/0 T_0.17, 8;
 ; End of false expr.
    %blend;
T_0.17;
    %store/vec4 v0x55c553c8cdd0_0, 0, 32;
    %jmp T_0.13;
T_0.7 ;
    %load/vec4 v0x55c553c6a650_0;
    %ix/getv 4, v0x55c553c8cbc0_0;
    %shiftl 4;
    %store/vec4 v0x55c553c8cdd0_0, 0, 32;
    %jmp T_0.13;
T_0.8 ;
    %load/vec4 v0x55c553c8cb00_0;
    %ix/getv 4, v0x55c553c8cbc0_0;
    %shiftr 4;
    %store/vec4 v0x55c553c8cdd0_0, 0, 32;
    %vpi_call 3 44 "$display", "We are here in SRA" {0 0 0};
    %jmp T_0.13;
T_0.9 ;
    %load/vec4 v0x55c553c6a650_0;
    %ix/getv 4, v0x55c553c8cbc0_0;
    %shiftr 4;
    %store/vec4 v0x55c553c8cdd0_0, 0, 32;
    %jmp T_0.13;
T_0.10 ;
    %load/vec4 v0x55c553c8cbc0_0;
    %store/vec4 v0x55c553c8cdd0_0, 0, 32;
    %jmp T_0.13;
T_0.11 ;
    %load/vec4 v0x55c553c8cdd0_0;
    %store/vec4 v0x55c553c8cdd0_0, 0, 32;
    %jmp T_0.13;
T_0.13 ;
    %pop/vec4 1;
    %jmp T_0;
    .thread T_0, $push;
    .scope S_0x55c553c6cac0;
T_1 ;
    %pushi/vec4 0, 0, 6;
    %store/vec4 v0x55c553c8d640_0, 0, 6;
    %end;
    .thread T_1;
    .scope S_0x55c553c6cac0;
T_2 ;
    %vpi_call 2 25 "$readmemb", "ref.txt", v0x55c553c8d800 {0 0 0};
    %vpi_call 2 26 "$readmemb", "A.txt", v0x55c553c8d400 {0 0 0};
    %vpi_call 2 27 "$readmemb", "B.txt", v0x55c553c8d4c0 {0 0 0};
    %end;
    .thread T_2;
    .scope S_0x55c553c6cac0;
T_3 ;
    %pushi/vec4 0, 0, 1;
    %store/vec4 v0x55c553c8d580_0, 0, 1;
    %end;
    .thread T_3;
    .scope S_0x55c553c6cac0;
T_4 ;
    %delay 10, 0;
    %load/vec4 v0x55c553c8d580_0;
    %nor/r;
    %assign/vec4 v0x55c553c8d580_0, 0;
    %jmp T_4;
    .thread T_4;
    .scope S_0x55c553c6cac0;
T_5 ;
    %wait E_0x55c553c24db0;
    %pushi/vec4 8, 0, 4;
    %assign/vec4 v0x55c553c8d010_0, 0;
    %pushi/vec4 6, 0, 32;
T_5.0 %dup/vec4;
    %pushi/vec4 0, 0, 32;
    %cmp/u;
    %jmp/1 T_5.1, 4;
    %pushi/vec4 1, 0, 32;
    %sub;
    %wait E_0x55c553c24db0;
    %jmp T_5.0;
T_5.1 ;
    %pop/vec4 1;
    %vpi_call 2 49 "$finish" {0 0 0};
    %end;
    .thread T_5;
    .scope S_0x55c553c6cac0;
T_6 ;
    %wait E_0x55c553c5a080;
    %vpi_call 2 53 "$display", $time, ": Out should be %d, got %d", v0x55c553c8d720_0, v0x55c553c8d8c0_0 {0 0 0};
    %load/vec4 v0x55c553c8d640_0;
    %addi 1, 0, 6;
    %assign/vec4 v0x55c553c8d640_0, 0;
    %jmp T_6;
    .thread T_6;
# The file index is used to find the file name in the following table.
:file_names 4;
    "N/A";
    "<interactive>";
    "tb.v";
    "ALU.v";
